<?xml version="1.0" encoding="UTF-8"?>
<!-- Generated by org.testng.reporters.JUnitReportReporter -->
<testsuite hostname="DESKTOP-KPN14N9" failures="0" tests="1" name="com.goibibo.testscripts.Scenario1_SearchHotel" time="301.564" errors="0" timestamp="2021-01-11T20:13:56 IST" skipped="0">
  <testcase classname="com.goibibo.testscripts.Scenario1_SearchHotel" name="TC_01_SearchHotel" time="301.564"/>
  <system-out/>
</testsuite> <!-- com.goibibo.testscripts.Scenario1_SearchHotel -->
