<?xml version="1.0" encoding="UTF-8"?>
<!-- Generated by org.testng.reporters.JUnitReportReporter -->
<testsuite hostname="DESKTOP-KPN14N9" failures="0" tests="1" name="com.goibibo.testscripts.Scenario3_HotelDetails" time="203.179" errors="0" timestamp="2020-08-26T00:03:29 IST" skipped="0">
  <testcase classname="com.goibibo.testscripts.Scenario3_HotelDetails" name="TC_03_HotelDetails" time="203.179"/>
  <system-out>
Mountain Trails
Couple Friendly Deluxe Room with Breakfast Doddapetta Peak
2.2 km 112 Reviews The standard check-in time is 12:00 PM and the standard check-out time is 12:00 PM.Early check-in or late check-out is strictly subjected to availability and may be chargeable by the hotel.Any early check-in or late check-out request must be directed and reconfirmed with hotel and may be chargeable by the hotel directly  </system-out>
</testsuite> <!-- com.goibibo.testscripts.Scenario3_HotelDetails -->
