<?xml version="1.0" encoding="UTF-8"?>
<!-- Generated by org.testng.reporters.JUnitReportReporter -->
<testsuite hostname="DESKTOP-KPN14N9" failures="0" tests="1" name="com.goibibo.testscripts.Scenario2_CardDetails" time="17.748" errors="0" timestamp="2020-08-02T01:22:17 IST" skipped="0">
  <testcase classname="com.goibibo.testscripts.Scenario2_CardDetails" name="TC_02_CardDetails" time="17.748"/>
  <system-out>
DARSHAN HOTEL
Couple Friendly Please Enter Valid Card Number  </system-out>
</testsuite> <!-- com.goibibo.testscripts.Scenario2_CardDetails -->
